{"name": "test_manual_deposit", "status": "broken", "statusDetails": {"message": "selenium.common.exceptions.TimeoutException: Message: \nStacktrace:\nBacktrace:\n\t(No symbol) [0x005A37D3]\n\t(No symbol) [0x00538B81]\n\t(No symbol) [0x0043B36D]\n\t(No symbol) [0x0046D382]\n\t(No symbol) [0x0046D4BB]\n\t(No symbol) [0x004A3302]\n\t(No symbol) [0x0048B464]\n\t(No symbol) [0x004A1215]\n\t(No symbol) [0x0048B216]\n\t(No symbol) [0x00460D97]\n\t(No symbol) [0x0046253D]\n\tGetHandleVerifier [0x0081ABF2+2510930]\n\tGetHandleVerifier [0x00848EC1+2700065]\n\tGetHandleVerifier [0x0084C86C+2714828]\n\tGetHandleVerifier [0x00653480+645344]\n\t(No symbol) [0x00540FD2]\n\t(No symbol) [0x00546C68]\n\t(No symbol) [0x00546D4B]\n\t(No symbol) [0x00550D6B]\n\tBaseThreadInitThunk [0x765B7D69+25]\n\tRtlInitializeExceptionChain [0x7755BB9B+107]\n\tRtlClearBits [0x7755BB1F+191]", "trace": "set_up = None, set_group = None\n\n    @allure.description('Test manual deposit')\n    def test_manual_deposit(set_up, set_group):\n    \n        # print('Start test 1')\n        options = webdriver.ChromeOptions()\n        options.add_experimental_option(\"detach\", True)\n        driver = webdriver.Chrome(service=Service(ChromeDriverManager().install()), options=options)\n    \n        # Open website page\n    \n        login = Login_page(driver)\n>       login.authorization()\n\ntests\\test_payment_action.py:20: \n_ _ _ _ _ _ _ _ _ _ _ _ _ _ _ _ _ _ _ _ _ _ _ _ _ _ _ _ _ _ _ _ _ _ _ _ _ _ _ _ _ _ _ _ _ _ _ _ _ _ _ _ _ _ _ _ _ _ _ _ _ _ _ _ _ _ _ _ _ _ _ _ _ _ _ _ _ _ _ _ _ _ _ _ _ _ _ _ _ _ _ _\npages\\login_page.py:77: in authorization\n    self.log_in_header()\npages\\login_page.py:50: in log_in_header\n    self.get_log_in_header_menu().click()\npages\\login_page.py:32: in get_log_in_header_menu\n    return WebDriverWait(self.driver, 10).until(EC.element_to_be_clickable((By.XPATH, self.log_in_header_menu)))\n_ _ _ _ _ _ _ _ _ _ _ _ _ _ _ _ _ _ _ _ _ _ _ _ _ _ _ _ _ _ _ _ _ _ _ _ _ _ _ _ _ _ _ _ _ _ _ _ _ _ _ _ _ _ _ _ _ _ _ _ _ _ _ _ _ _ _ _ _ _ _ _ _ _ _ _ _ _ _ _ _ _ _ _ _ _ _ _ _ _ _ _\n\nself = <selenium.webdriver.support.wait.WebDriverWait (session=\"27c2d937e7f94ce4612a24a28b497e78\")>\nmethod = <function element_to_be_clickable.<locals>._predicate at 0x0000023320AE3EC0>, message = ''\n\n    def until(self, method, message: str = \"\"):\n        \"\"\"Calls the method provided with the driver as an argument until the \\\n        return value does not evaluate to ``False``.\n    \n        :param method: callable(WebDriver)\n        :param message: optional message for :exc:`TimeoutException`\n        :returns: the result of the last call to `method`\n        :raises: :exc:`selenium.common.exceptions.TimeoutException` if timeout occurs\n        \"\"\"\n        screen = None\n        stacktrace = None\n    \n        end_time = time.monotonic() + self._timeout\n        while True:\n            try:\n                value = method(self._driver)\n                if value:\n                    return value\n            except self._ignored_exceptions as exc:\n                screen = getattr(exc, \"screen\", None)\n                stacktrace = getattr(exc, \"stacktrace\", None)\n            time.sleep(self._poll)\n            if time.monotonic() > end_time:\n                break\n>       raise TimeoutException(message, screen, stacktrace)\nE       selenium.common.exceptions.TimeoutException: Message: \nE       Stacktrace:\nE       Backtrace:\nE       \t(No symbol) [0x005A37D3]\nE       \t(No symbol) [0x00538B81]\nE       \t(No symbol) [0x0043B36D]\nE       \t(No symbol) [0x0046D382]\nE       \t(No symbol) [0x0046D4BB]\nE       \t(No symbol) [0x004A3302]\nE       \t(No symbol) [0x0048B464]\nE       \t(No symbol) [0x004A1215]\nE       \t(No symbol) [0x0048B216]\nE       \t(No symbol) [0x00460D97]\nE       \t(No symbol) [0x0046253D]\nE       \tGetHandleVerifier [0x0081ABF2+2510930]\nE       \tGetHandleVerifier [0x00848EC1+2700065]\nE       \tGetHandleVerifier [0x0084C86C+2714828]\nE       \tGetHandleVerifier [0x00653480+645344]\nE       \t(No symbol) [0x00540FD2]\nE       \t(No symbol) [0x00546C68]\nE       \t(No symbol) [0x00546D4B]\nE       \t(No symbol) [0x00550D6B]\nE       \tBaseThreadInitThunk [0x765B7D69+25]\nE       \tRtlInitializeExceptionChain [0x7755BB9B+107]\nE       \tRtlClearBits [0x7755BB1F+191]\n\nvenv\\Lib\\site-packages\\selenium\\webdriver\\support\\wait.py:95: TimeoutException"}, "description": "Test manual deposit", "steps": [{"name": "Authorization", "status": "broken", "statusDetails": {"message": "selenium.common.exceptions.TimeoutException: Message: \nStacktrace:\nBacktrace:\n\t(No symbol) [0x005A37D3]\n\t(No symbol) [0x00538B81]\n\t(No symbol) [0x0043B36D]\n\t(No symbol) [0x0046D382]\n\t(No symbol) [0x0046D4BB]\n\t(No symbol) [0x004A3302]\n\t(No symbol) [0x0048B464]\n\t(No symbol) [0x004A1215]\n\t(No symbol) [0x0048B216]\n\t(No symbol) [0x00460D97]\n\t(No symbol) [0x0046253D]\n\tGetHandleVerifier [0x0081ABF2+2510930]\n\tGetHandleVerifier [0x00848EC1+2700065]\n\tGetHandleVerifier [0x0084C86C+2714828]\n\tGetHandleVerifier [0x00653480+645344]\n\t(No symbol) [0x00540FD2]\n\t(No symbol) [0x00546C68]\n\t(No symbol) [0x00546D4B]\n\t(No symbol) [0x00550D6B]\n\tBaseThreadInitThunk [0x765B7D69+25]\n\tRtlInitializeExceptionChain [0x7755BB9B+107]\n\tRtlClearBits [0x7755BB1F+191]\n\n", "trace": "  File \"C:\\Users\\olegn\\PycharmProjects\\main_project\\pages\\login_page.py\", line 77, in authorization\n    self.log_in_header()\n  File \"C:\\Users\\olegn\\PycharmProjects\\main_project\\pages\\login_page.py\", line 50, in log_in_header\n    self.get_log_in_header_menu().click()\n    ^^^^^^^^^^^^^^^^^^^^^^^^^^^^^\n  File \"C:\\Users\\olegn\\PycharmProjects\\main_project\\pages\\login_page.py\", line 32, in get_log_in_header_menu\n    return WebDriverWait(self.driver, 10).until(EC.element_to_be_clickable((By.XPATH, self.log_in_header_menu)))\n           ^^^^^^^^^^^^^^^^^^^^^^^^^^^^^^^^^^^^^^^^^^^^^^^^^^^^^^^^^^^^^^^^^^^^^^^^^^^^^^^^^^^^^^^^^^^^^^^^^^^^^\n  File \"C:\\Users\\olegn\\PycharmProjects\\main_project\\venv\\Lib\\site-packages\\selenium\\webdriver\\support\\wait.py\", line 95, in until\n    raise TimeoutException(message, screen, stacktrace)\n"}, "start": 1677414315926, "stop": 1677414327052}], "attachments": [{"name": "stdout", "source": "b1e655c9-4ead-439e-836b-7ecb3c1da6e1-attachment.txt", "type": "text/plain"}], "start": 1677414314139, "stop": 1677414327052, "uuid": "eaf76d1b-bd96-4ba9-9aed-851875c4f4e0", "historyId": "5b4f9f094882663e714998664c71621d", "testCaseId": "8661ac4440bffd604509074b9f5891aa", "fullName": "tests.test_payment_action#test_manual_deposit", "labels": [{"name": "parentSuite", "value": "tests"}, {"name": "suite", "value": "test_payment_action"}, {"name": "host", "value": "Oleh"}, {"name": "thread", "value": "6320-MainThread"}, {"name": "framework", "value": "pytest"}, {"name": "language", "value": "cpython3"}, {"name": "package", "value": "tests.test_payment_action"}]}